Warning: You are sending unauthenticated requests to the HF Hub. Please set a HF_TOKEN to enable higher rate limits and faster downloads.
Loading weights:   0%|          | 0/103 [00:00<?, ?it/s]Loading weights: 100%|##########| 103/103 [00:00<00:00, 4235.72it/s]
WARNING: This is a development server. Do not use it in a production deployment. Use a production WSGI server instead.
 * Running on all addresses (0.0.0.0)
 * Running on http://127.0.0.1:5000
 * Running on http://192.168.10.186:5000
Press CTRL+C to quit
 * Restarting with stat
Warning: You are sending unauthenticated requests to the HF Hub. Please set a HF_TOKEN to enable higher rate limits and faster downloads.
Loading weights:   0%|          | 0/103 [00:00<?, ?it/s]Loading weights: 100%|##########| 103/103 [00:00<00:00, 4904.78it/s]
 * Debugger is active!
 * Debugger PIN: 103-154-037
 * Detected change in 'C:\\RP\\YR3S1\\C240\\Projects\\C240FA\\C240FA\\rag\\retrieval.py', reloading
 * Restarting with stat
Warning: You are sending unauthenticated requests to the HF Hub. Please set a HF_TOKEN to enable higher rate limits and faster downloads.
Loading weights:   0%|          | 0/103 [00:00<?, ?it/s]Loading weights: 100%|##########| 103/103 [00:00<00:00, 5963.33it/s]
Traceback (most recent call last):
  File "C:\RP\YR3S1\C240\Projects\C240FA\C240FA\rag\api.py", line 13, in <module>
    from .chunking import load_documents
ImportError: attempted relative import with no known parent package

During handling of the above exception, another exception occurred:

Traceback (most recent call last):
  File "C:\RP\YR3S1\C240\Projects\C240FA\C240FA\rag\api.py", line 27, in <module>
    from generator import (
  File "C:\RP\YR3S1\C240\Projects\C240FA\C240FA\rag\generator.py", line 13
    <<<<<<< HEAD
IndentationError: expected an indented block after 'try' statement on line 12
